{"level":"INFO","time":"2024-08-18T12:10:15.128+0700","caller":"server/main.go:31","msg":"Hello, World!","okay":"success"}
{"level":"INFO","time":"2024-08-18T13:29:13.960+0700","caller":"configs/mysql.config.go:23","msg":"Connected to database! default"}
{"level":"INFO","time":"2024-08-18T13:33:35.281+0700","caller":"configs/mysql.config.go:23","msg":"Connected to database! default"}
{"level":"INFO","time":"2024-08-18T13:34:36.843+0700","caller":"configs/mysql.config.go:23","msg":"Connected to database! default"}
{"level":"INFO","time":"2024-08-18T15:42:15.004+0700","caller":"configs/mysql.config.go:25","msg":"Connected to database!default"}
{"level":"INFO","time":"2024-08-18T15:42:15.005+0700","caller":"configs/mysql.config.go:41","msg":"Set pool database success!"}
{"level":"ERROR","time":"2024-08-18T15:42:28.857+0700","caller":"configs/mysql.config.go:59","msg":"Error migrating database","error":"Error 6125 (HY000): Failed to add the foreign key constraint. Missing unique key for constraint 'fk_users_user_meta' in the referenced table 'users'","stacktrace":"github.com/phucpham-infinity/go-nextpress/app/configs.Migrate\n\t/Users/phucpham/go/src/github.com/phucpham-infinity/go-nextpress/app/configs/mysql.config.go:59\ngithub.com/phucpham-infinity/go-nextpress/app/configs.InitMysql\n\t/Users/phucpham/go/src/github.com/phucpham-infinity/go-nextpress/app/configs/mysql.config.go:29\ngithub.com/phucpham-infinity/go-nextpress/app/configs.Run\n\t/Users/phucpham/go/src/github.com/phucpham-infinity/go-nextpress/app/configs/main.config.go:6\nmain.main\n\t/Users/phucpham/go/src/github.com/phucpham-infinity/go-nextpress/cmd/server/main.go:18\nruntime.main\n\t/usr/local/go/src/runtime/proc.go:272"}
{"level":"INFO","time":"2024-08-18T15:43:24.599+0700","caller":"configs/mysql.config.go:25","msg":"Connected to database!default"}
{"level":"INFO","time":"2024-08-18T15:43:24.601+0700","caller":"configs/mysql.config.go:41","msg":"Set pool database success!"}
{"level":"ERROR","time":"2024-08-18T15:43:24.603+0700","caller":"configs/mysql.config.go:59","msg":"Error migrating database","error":"invalid field found for struct github.com/phucpham-infinity/go-nextpress/app/po.User's field UserMeta: define a valid foreign key for relations or implement the Valuer/Scanner interface","stacktrace":"github.com/phucpham-infinity/go-nextpress/app/configs.Migrate\n\t/Users/phucpham/go/src/github.com/phucpham-infinity/go-nextpress/app/configs/mysql.config.go:59\ngithub.com/phucpham-infinity/go-nextpress/app/configs.InitMysql\n\t/Users/phucpham/go/src/github.com/phucpham-infinity/go-nextpress/app/configs/mysql.config.go:29\ngithub.com/phucpham-infinity/go-nextpress/app/configs.Run\n\t/Users/phucpham/go/src/github.com/phucpham-infinity/go-nextpress/app/configs/main.config.go:6\nmain.main\n\t/Users/phucpham/go/src/github.com/phucpham-infinity/go-nextpress/cmd/server/main.go:18\nruntime.main\n\t/usr/local/go/src/runtime/proc.go:272"}
{"level":"INFO","time":"2024-08-18T15:43:37.876+0700","caller":"configs/mysql.config.go:25","msg":"Connected to database!default"}
{"level":"INFO","time":"2024-08-18T15:43:37.876+0700","caller":"configs/mysql.config.go:41","msg":"Set pool database success!"}
{"level":"ERROR","time":"2024-08-18T15:43:37.877+0700","caller":"configs/mysql.config.go:59","msg":"Error migrating database","error":"invalid field found for struct github.com/phucpham-infinity/go-nextpress/app/po.User's field UserMeta: define a valid foreign key for relations or implement the Valuer/Scanner interface","stacktrace":"github.com/phucpham-infinity/go-nextpress/app/configs.Migrate\n\t/Users/phucpham/go/src/github.com/phucpham-infinity/go-nextpress/app/configs/mysql.config.go:59\ngithub.com/phucpham-infinity/go-nextpress/app/configs.InitMysql\n\t/Users/phucpham/go/src/github.com/phucpham-infinity/go-nextpress/app/configs/mysql.config.go:29\ngithub.com/phucpham-infinity/go-nextpress/app/configs.Run\n\t/Users/phucpham/go/src/github.com/phucpham-infinity/go-nextpress/app/configs/main.config.go:6\nmain.main\n\t/Users/phucpham/go/src/github.com/phucpham-infinity/go-nextpress/cmd/server/main.go:18\nruntime.main\n\t/usr/local/go/src/runtime/proc.go:272"}
{"level":"INFO","time":"2024-08-18T15:43:43.505+0700","caller":"configs/mysql.config.go:25","msg":"Connected to database!default"}
{"level":"INFO","time":"2024-08-18T15:43:43.508+0700","caller":"configs/mysql.config.go:41","msg":"Set pool database success!"}
{"level":"ERROR","time":"2024-08-18T15:43:43.511+0700","caller":"configs/mysql.config.go:59","msg":"Error migrating database","error":"invalid field found for struct github.com/phucpham-infinity/go-nextpress/app/po.User's field UserMeta: define a valid foreign key for relations or implement the Valuer/Scanner interface","stacktrace":"github.com/phucpham-infinity/go-nextpress/app/configs.Migrate\n\t/Users/phucpham/go/src/github.com/phucpham-infinity/go-nextpress/app/configs/mysql.config.go:59\ngithub.com/phucpham-infinity/go-nextpress/app/configs.InitMysql\n\t/Users/phucpham/go/src/github.com/phucpham-infinity/go-nextpress/app/configs/mysql.config.go:29\ngithub.com/phucpham-infinity/go-nextpress/app/configs.Run\n\t/Users/phucpham/go/src/github.com/phucpham-infinity/go-nextpress/app/configs/main.config.go:6\nmain.main\n\t/Users/phucpham/go/src/github.com/phucpham-infinity/go-nextpress/cmd/server/main.go:18\nruntime.main\n\t/usr/local/go/src/runtime/proc.go:272"}
{"level":"INFO","time":"2024-08-18T15:43:56.397+0700","caller":"configs/mysql.config.go:25","msg":"Connected to database!default"}
{"level":"INFO","time":"2024-08-18T15:43:56.397+0700","caller":"configs/mysql.config.go:41","msg":"Set pool database success!"}
{"level":"ERROR","time":"2024-08-18T15:43:56.398+0700","caller":"configs/mysql.config.go:59","msg":"Error migrating database","error":"invalid field found for struct github.com/phucpham-infinity/go-nextpress/app/po.User's field UserMeta: define a valid foreign key for relations or implement the Valuer/Scanner interface","stacktrace":"github.com/phucpham-infinity/go-nextpress/app/configs.Migrate\n\t/Users/phucpham/go/src/github.com/phucpham-infinity/go-nextpress/app/configs/mysql.config.go:59\ngithub.com/phucpham-infinity/go-nextpress/app/configs.InitMysql\n\t/Users/phucpham/go/src/github.com/phucpham-infinity/go-nextpress/app/configs/mysql.config.go:29\ngithub.com/phucpham-infinity/go-nextpress/app/configs.Run\n\t/Users/phucpham/go/src/github.com/phucpham-infinity/go-nextpress/app/configs/main.config.go:6\nmain.main\n\t/Users/phucpham/go/src/github.com/phucpham-infinity/go-nextpress/cmd/server/main.go:18\nruntime.main\n\t/usr/local/go/src/runtime/proc.go:272"}
{"level":"INFO","time":"2024-08-18T15:47:22.118+0700","caller":"configs/mysql.config.go:25","msg":"Connected to database!default"}
{"level":"INFO","time":"2024-08-18T15:47:22.119+0700","caller":"configs/mysql.config.go:41","msg":"Set pool database success!"}
{"level":"ERROR","time":"2024-08-18T15:47:22.120+0700","caller":"configs/mysql.config.go:59","msg":"Error migrating database","error":"invalid field found for struct github.com/phucpham-infinity/go-nextpress/app/po.User's field UserMeta: define a valid foreign key for relations or implement the Valuer/Scanner interface","stacktrace":"github.com/phucpham-infinity/go-nextpress/app/configs.Migrate\n\t/Users/phucpham/go/src/github.com/phucpham-infinity/go-nextpress/app/configs/mysql.config.go:59\ngithub.com/phucpham-infinity/go-nextpress/app/configs.InitMysql\n\t/Users/phucpham/go/src/github.com/phucpham-infinity/go-nextpress/app/configs/mysql.config.go:29\ngithub.com/phucpham-infinity/go-nextpress/app/configs.Run\n\t/Users/phucpham/go/src/github.com/phucpham-infinity/go-nextpress/app/configs/main.config.go:6\nmain.main\n\t/Users/phucpham/go/src/github.com/phucpham-infinity/go-nextpress/cmd/server/main.go:18\nruntime.main\n\t/usr/local/go/src/runtime/proc.go:272"}
{"level":"INFO","time":"2024-08-18T15:52:38.122+0700","caller":"configs/mysql.config.go:25","msg":"Connected to database!default"}
{"level":"INFO","time":"2024-08-18T15:52:38.125+0700","caller":"configs/mysql.config.go:41","msg":"Set pool database success!"}
{"level":"INFO","time":"2024-08-18T15:53:58.505+0700","caller":"configs/mysql.config.go:25","msg":"Connected to database!default"}
{"level":"INFO","time":"2024-08-18T15:53:58.506+0700","caller":"configs/mysql.config.go:41","msg":"Set pool database success!"}
{"level":"INFO","time":"2024-08-18T15:55:01.417+0700","caller":"configs/mysql.config.go:62","msg":"Migrate database success!"}
{"level":"INFO","time":"2024-08-18T16:07:20.058+0700","caller":"configs/mysql.config.go:25","msg":"Connected to database!default"}
{"level":"INFO","time":"2024-08-18T16:07:20.059+0700","caller":"configs/mysql.config.go:41","msg":"Set pool database success!"}
{"level":"INFO","time":"2024-08-18T16:08:19.689+0700","caller":"configs/mysql.config.go:62","msg":"Migrate database success!"}
{"level":"ERROR","time":"2024-08-18T16:08:20.599+0700","caller":"configs/redis.config.go:26","msg":"Error connecting to redis","error":"NOAUTH Authentication required.","stacktrace":"github.com/phucpham-infinity/go-nextpress/app/configs.InitRedis\n\t/Users/phucpham/go/src/github.com/phucpham-infinity/go-nextpress/app/configs/redis.config.go:26\ngithub.com/phucpham-infinity/go-nextpress/app/configs.Run\n\t/Users/phucpham/go/src/github.com/phucpham-infinity/go-nextpress/app/configs/main.config.go:9\nmain.main\n\t/Users/phucpham/go/src/github.com/phucpham-infinity/go-nextpress/cmd/server/main.go:18\nruntime.main\n\t/usr/local/go/src/runtime/proc.go:272"}
{"level":"INFO","time":"2024-08-18T16:18:04.233+0700","caller":"configs/mysql.config.go:25","msg":"Connected to database!default"}
{"level":"INFO","time":"2024-08-18T16:18:04.234+0700","caller":"configs/mysql.config.go:41","msg":"Set pool database success!"}
{"level":"INFO","time":"2024-08-18T16:19:05.010+0700","caller":"configs/mysql.config.go:62","msg":"Migrate database success!"}
{"level":"INFO","time":"2024-08-18T16:19:05.991+0700","caller":"configs/redis.config.go:35","msg":"Connected to redis!"}
{"level":"INFO","time":"2024-08-18T16:19:05.992+0700","caller":"configs/main.config.go:11","msg":"Configs loaded!"}
{"level":"INFO","time":"2024-08-19T22:06:57.697+0700","caller":"configs/mysql.config.go:27","msg":"Connected to database! default"}
{"level":"INFO","time":"2024-08-19T22:06:57.700+0700","caller":"configs/mysql.config.go:55","msg":"Set pool database success!"}
{"level":"INFO","time":"2024-08-19T22:06:58.737+0700","caller":"configs/redis.config.go:37","msg":"Connected to redis! 45.149.207.141:16379"}
{"level":"INFO","time":"2024-08-19T22:06:58.737+0700","caller":"configs/main.config.go:11","msg":"Configs loaded!"}
{"level":"INFO","time":"2024-08-19T22:08:10.810+0700","caller":"configs/mysql.config.go:27","msg":"Connected to database! default"}
{"level":"INFO","time":"2024-08-19T22:08:10.813+0700","caller":"configs/mysql.config.go:55","msg":"Set pool database success!"}
{"level":"INFO","time":"2024-08-19T22:09:20.441+0700","caller":"configs/mysql.config.go:67","msg":"Migrate database success!"}
{"level":"INFO","time":"2024-08-19T22:09:21.450+0700","caller":"configs/redis.config.go:37","msg":"Connected to redis! 45.149.207.141:16379"}
{"level":"INFO","time":"2024-08-19T22:09:21.450+0700","caller":"configs/main.config.go:11","msg":"Configs loaded!"}
{"level":"INFO","time":"2024-08-19T23:21:40.606+0700","caller":"configs/mysql.config.go:28","msg":"Connected to database! default"}
{"level":"INFO","time":"2024-08-19T23:21:40.608+0700","caller":"configs/mysql.config.go:59","msg":"Set pool database success!"}
{"level":"INFO","time":"2024-08-19T23:22:46.113+0700","caller":"configs/mysql.config.go:72","msg":"Migrate database success!"}
{"level":"INFO","time":"2024-08-19T23:22:47.816+0700","caller":"configs/redis.config.go:39","msg":"Connected to redis! 45.149.207.141:16379"}
{"level":"INFO","time":"2024-08-19T23:22:47.816+0700","caller":"configs/main.config.go:12","msg":"Configs loaded!"}
{"level":"INFO","time":"2024-08-19T23:45:07.688+0700","caller":"configs/mysql.config.go:28","msg":"Connected to database! default"}
{"level":"INFO","time":"2024-08-19T23:45:07.690+0700","caller":"configs/mysql.config.go:59","msg":"Set pool database success!"}
{"level":"INFO","time":"2024-08-19T23:45:26.617+0700","caller":"configs/mysql.config.go:28","msg":"Connected to database! default"}
{"level":"INFO","time":"2024-08-19T23:45:26.620+0700","caller":"configs/mysql.config.go:59","msg":"Set pool database success!"}
{"level":"INFO","time":"2024-08-19T23:45:27.608+0700","caller":"configs/redis.config.go:39","msg":"Connected to redis! 45.149.207.141:16379"}
{"level":"INFO","time":"2024-08-19T23:45:27.608+0700","caller":"configs/main.config.go:12","msg":"Configs loaded!"}
{"level":"INFO","time":"2024-08-19T23:45:50.839+0700","caller":"server/main.go:35","msg":"Hello, World!","okay":"success"}
{"level":"INFO","time":"2024-08-19T23:47:37.705+0700","caller":"configs/mysql.config.go:28","msg":"Connected to database! default"}
{"level":"INFO","time":"2024-08-19T23:47:37.707+0700","caller":"configs/mysql.config.go:59","msg":"Set pool database success!"}
{"level":"INFO","time":"2024-08-19T23:47:38.845+0700","caller":"configs/redis.config.go:39","msg":"Connected to redis! 45.149.207.141:16379"}
{"level":"INFO","time":"2024-08-19T23:47:38.845+0700","caller":"configs/main.config.go:12","msg":"Configs loaded!"}
{"level":"INFO","time":"2024-08-19T23:47:44.090+0700","caller":"server/main.go:35","msg":"Hello, World!","okay":"success"}
{"level":"INFO","time":"2024-08-19T23:48:01.361+0700","caller":"configs/mysql.config.go:28","msg":"Connected to database! default"}
{"level":"INFO","time":"2024-08-19T23:48:01.364+0700","caller":"configs/mysql.config.go:59","msg":"Set pool database success!"}
{"level":"INFO","time":"2024-08-19T23:48:02.276+0700","caller":"configs/redis.config.go:39","msg":"Connected to redis! 45.149.207.141:16379"}
{"level":"INFO","time":"2024-08-19T23:48:02.277+0700","caller":"configs/main.config.go:12","msg":"Configs loaded!"}
{"level":"INFO","time":"2024-08-19T23:48:08.382+0700","caller":"server/main.go:35","msg":"Hello, World!","okay":"success"}
{"level":"INFO","time":"2024-08-19T23:54:33.388+0700","caller":"configs/mysql.config.go:28","msg":"Connected to database! default"}
{"level":"INFO","time":"2024-08-19T23:54:33.391+0700","caller":"configs/mysql.config.go:59","msg":"Set pool database success!"}
{"level":"INFO","time":"2024-08-19T23:54:34.396+0700","caller":"configs/redis.config.go:39","msg":"Connected to redis! 45.149.207.141:16379"}
{"level":"INFO","time":"2024-08-19T23:54:34.397+0700","caller":"configs/main.config.go:12","msg":"Configs loaded!"}
{"level":"INFO","time":"2024-08-19T23:54:37.791+0700","caller":"server/main.go:35","msg":"Hello, World!","okay":"success"}
{"level":"INFO","time":"2024-08-19T23:54:57.003+0700","caller":"configs/mysql.config.go:28","msg":"Connected to database! default"}
{"level":"INFO","time":"2024-08-19T23:54:57.005+0700","caller":"configs/mysql.config.go:59","msg":"Set pool database success!"}
{"level":"INFO","time":"2024-08-19T23:54:58.068+0700","caller":"configs/redis.config.go:39","msg":"Connected to redis! 45.149.207.141:16379"}
{"level":"INFO","time":"2024-08-19T23:54:58.068+0700","caller":"configs/main.config.go:12","msg":"Configs loaded!"}
{"level":"INFO","time":"2024-08-19T23:54:59.635+0700","caller":"server/main.go:35","msg":"Hello, World!","okay":"success"}
{"level":"INFO","time":"2024-08-23T15:00:50.878+0700","caller":"configs/mysql.config.go:28","msg":"Connected to database! default"}
{"level":"INFO","time":"2024-08-23T15:00:50.881+0700","caller":"configs/mysql.config.go:59","msg":"Set pool database success!"}
{"level":"INFO","time":"2024-08-23T15:00:52.093+0700","caller":"configs/redis.config.go:39","msg":"Connected to redis! 45.149.207.141:16379"}
{"level":"INFO","time":"2024-08-23T15:00:52.093+0700","caller":"configs/main.config.go:12","msg":"Configs loaded!"}
{"level":"INFO","time":"2024-08-23T15:00:58.002+0700","caller":"server/main.go:35","msg":"Hello, World!","okay":"success"}
{"level":"INFO","time":"2024-11-09T02:12:07.337+0700","caller":"configs/sql.config.go:25","msg":"Connected to database! gopress"}
{"level":"INFO","time":"2024-11-09T02:12:07.338+0700","caller":"configs/sql.config.go:39","msg":"Set pool database success!"}
{"level":"INFO","time":"2024-11-09T02:12:08.322+0700","caller":"configs/redis.config.go:39","msg":"Connected to redis! 45.149.207.141:16379"}
{"level":"INFO","time":"2024-11-09T02:12:08.322+0700","caller":"configs/main.config.go:12","msg":"Configs loaded!"}
{"level":"INFO","time":"2024-11-10T15:42:46.750+0700","caller":"configs/sql.config.go:25","msg":"Connected to database! gopress"}
{"level":"INFO","time":"2024-11-10T15:42:46.750+0700","caller":"configs/sql.config.go:39","msg":"Set pool database success!"}
{"level":"INFO","time":"2024-11-10T15:42:47.647+0700","caller":"configs/redis.config.go:39","msg":"Connected to redis! 45.149.207.141:16379"}
{"level":"INFO","time":"2024-11-10T15:42:47.647+0700","caller":"configs/main.config.go:12","msg":"Configs loaded!"}
{"level":"INFO","time":"2024-11-10T15:55:37.140+0700","caller":"configs/sql.config.go:25","msg":"Connected to database! gopress"}
{"level":"INFO","time":"2024-11-10T15:55:37.141+0700","caller":"configs/sql.config.go:39","msg":"Set pool database success!"}
{"level":"INFO","time":"2024-11-10T15:55:38.404+0700","caller":"configs/redis.config.go:39","msg":"Connected to redis! 45.149.207.141:16379"}
{"level":"INFO","time":"2024-11-10T15:55:38.405+0700","caller":"configs/main.config.go:12","msg":"Configs loaded!"}
{"level":"INFO","time":"2024-11-10T15:57:05.360+0700","caller":"configs/sql.config.go:25","msg":"Connected to database! gopress"}
{"level":"INFO","time":"2024-11-10T15:57:05.360+0700","caller":"configs/sql.config.go:39","msg":"Set pool database success!"}
{"level":"INFO","time":"2024-11-10T15:57:06.572+0700","caller":"configs/redis.config.go:39","msg":"Connected to redis! 45.149.207.141:16379"}
{"level":"INFO","time":"2024-11-10T15:57:06.572+0700","caller":"configs/main.config.go:12","msg":"Configs loaded!"}
{"level":"INFO","time":"2024-11-10T16:00:22.969+0700","caller":"configs/sql.config.go:25","msg":"Connected to database! gopress"}
{"level":"INFO","time":"2024-11-10T16:00:22.970+0700","caller":"configs/sql.config.go:39","msg":"Set pool database success!"}
{"level":"INFO","time":"2024-11-10T16:00:24.002+0700","caller":"configs/redis.config.go:39","msg":"Connected to redis! 45.149.207.141:16379"}
{"level":"INFO","time":"2024-11-10T16:00:24.003+0700","caller":"configs/main.config.go:12","msg":"Configs loaded!"}
{"level":"INFO","time":"2024-11-10T16:00:51.735+0700","caller":"configs/sql.config.go:25","msg":"Connected to database! gopress"}
{"level":"INFO","time":"2024-11-10T16:00:51.736+0700","caller":"configs/sql.config.go:39","msg":"Set pool database success!"}
{"level":"INFO","time":"2024-11-10T16:00:52.674+0700","caller":"configs/redis.config.go:39","msg":"Connected to redis! 45.149.207.141:16379"}
{"level":"INFO","time":"2024-11-10T16:00:52.674+0700","caller":"configs/main.config.go:12","msg":"Configs loaded!"}
{"level":"INFO","time":"2024-11-10T16:04:43.349+0700","caller":"configs/sql.config.go:25","msg":"Connected to database! gopress"}
{"level":"INFO","time":"2024-11-10T16:04:43.350+0700","caller":"configs/sql.config.go:39","msg":"Set pool database success!"}
{"level":"INFO","time":"2024-11-10T16:04:44.430+0700","caller":"configs/redis.config.go:39","msg":"Connected to redis! 45.149.207.141:16379"}
{"level":"INFO","time":"2024-11-10T16:04:44.430+0700","caller":"configs/main.config.go:12","msg":"Configs loaded!"}
{"level":"INFO","time":"2024-11-10T16:04:59.850+0700","caller":"configs/sql.config.go:25","msg":"Connected to database! gopress"}
{"level":"INFO","time":"2024-11-10T16:04:59.850+0700","caller":"configs/sql.config.go:39","msg":"Set pool database success!"}
{"level":"INFO","time":"2024-11-10T16:05:00.812+0700","caller":"configs/redis.config.go:39","msg":"Connected to redis! 45.149.207.141:16379"}
{"level":"INFO","time":"2024-11-10T16:05:00.812+0700","caller":"configs/main.config.go:12","msg":"Configs loaded!"}
{"level":"INFO","time":"2024-11-10T16:09:51.002+0700","caller":"configs/sql.config.go:25","msg":"Connected to database! gopress"}
{"level":"INFO","time":"2024-11-10T16:09:51.003+0700","caller":"configs/sql.config.go:39","msg":"Set pool database success!"}
{"level":"INFO","time":"2024-11-10T16:09:52.021+0700","caller":"configs/redis.config.go:39","msg":"Connected to redis! 45.149.207.141:16379"}
{"level":"INFO","time":"2024-11-10T16:09:52.021+0700","caller":"configs/main.config.go:12","msg":"Configs loaded!"}
{"level":"INFO","time":"2024-11-10T21:29:24.593+0700","caller":"configs/sql.config.go:28","msg":"Connected to database! gopress"}
{"level":"INFO","time":"2024-11-10T21:29:24.593+0700","caller":"configs/sql.config.go:42","msg":"Set pool database success!"}
{"level":"INFO","time":"2024-11-10T21:29:25.608+0700","caller":"configs/redis.config.go:39","msg":"Connected to redis! 45.149.207.141:16379"}
{"level":"INFO","time":"2024-11-10T21:29:25.608+0700","caller":"configs/main.config.go:12","msg":"Configs loaded!"}
{"level":"INFO","time":"2024-11-10T21:32:12.704+0700","caller":"configs/sql.config.go:28","msg":"Connected to database! gopress"}
{"level":"INFO","time":"2024-11-10T21:32:12.705+0700","caller":"configs/sql.config.go:42","msg":"Set pool database success!"}
{"level":"INFO","time":"2024-11-10T21:32:13.739+0700","caller":"configs/redis.config.go:39","msg":"Connected to redis! 45.149.207.141:16379"}
{"level":"INFO","time":"2024-11-10T21:32:13.740+0700","caller":"configs/main.config.go:12","msg":"Configs loaded!"}
{"level":"INFO","time":"2024-11-10T21:59:05.506+0700","caller":"configs/sql.config.go:28","msg":"Connected to database! gopress"}
{"level":"INFO","time":"2024-11-10T21:59:05.507+0700","caller":"configs/sql.config.go:42","msg":"Set pool database success!"}
{"level":"INFO","time":"2024-11-10T21:59:06.489+0700","caller":"configs/redis.config.go:39","msg":"Connected to redis! 45.149.207.141:16379"}
{"level":"INFO","time":"2024-11-10T21:59:06.491+0700","caller":"configs/main.config.go:12","msg":"Configs loaded!"}
{"level":"INFO","time":"2024-11-10T22:05:49.581+0700","caller":"configs/sql.config.go:28","msg":"Connected to database! gopress"}
{"level":"INFO","time":"2024-11-10T22:05:49.582+0700","caller":"configs/sql.config.go:42","msg":"Set pool database success!"}
{"level":"INFO","time":"2024-11-10T22:05:50.671+0700","caller":"configs/redis.config.go:39","msg":"Connected to redis! 45.149.207.141:16379"}
{"level":"INFO","time":"2024-11-10T22:05:50.672+0700","caller":"configs/main.config.go:12","msg":"Configs loaded!"}
{"level":"INFO","time":"2024-11-10T22:06:32.453+0700","caller":"configs/sql.config.go:28","msg":"Connected to database! gopress"}
{"level":"INFO","time":"2024-11-10T22:06:32.454+0700","caller":"configs/sql.config.go:42","msg":"Set pool database success!"}
{"level":"INFO","time":"2024-11-10T22:06:33.375+0700","caller":"configs/redis.config.go:39","msg":"Connected to redis! 45.149.207.141:16379"}
{"level":"INFO","time":"2024-11-10T22:06:33.375+0700","caller":"configs/main.config.go:12","msg":"Configs loaded!"}
{"level":"INFO","time":"2024-11-10T22:09:09.848+0700","caller":"configs/sql.config.go:28","msg":"Connected to database! gopress"}
{"level":"INFO","time":"2024-11-10T22:09:09.850+0700","caller":"configs/sql.config.go:42","msg":"Set pool database success!"}
{"level":"INFO","time":"2024-11-10T22:09:10.889+0700","caller":"configs/redis.config.go:39","msg":"Connected to redis! 45.149.207.141:16379"}
{"level":"INFO","time":"2024-11-10T22:09:10.889+0700","caller":"configs/main.config.go:12","msg":"Configs loaded!"}
{"level":"INFO","time":"2024-11-10T22:09:32.201+0700","caller":"configs/sql.config.go:28","msg":"Connected to database! gopress"}
{"level":"INFO","time":"2024-11-10T22:09:32.202+0700","caller":"configs/sql.config.go:42","msg":"Set pool database success!"}
{"level":"INFO","time":"2024-11-10T22:09:33.262+0700","caller":"configs/redis.config.go:39","msg":"Connected to redis! 45.149.207.141:16379"}
{"level":"INFO","time":"2024-11-10T22:09:33.262+0700","caller":"configs/main.config.go:12","msg":"Configs loaded!"}
{"level":"INFO","time":"2024-11-10T22:14:43.266+0700","caller":"configs/sql.config.go:28","msg":"Connected to database! gopress"}
{"level":"INFO","time":"2024-11-10T22:14:43.266+0700","caller":"configs/sql.config.go:42","msg":"Set pool database success!"}
{"level":"INFO","time":"2024-11-10T22:14:44.265+0700","caller":"configs/redis.config.go:39","msg":"Connected to redis! 45.149.207.141:16379"}
{"level":"INFO","time":"2024-11-10T22:14:44.265+0700","caller":"configs/main.config.go:12","msg":"Configs loaded!"}
{"level":"INFO","time":"2024-11-10T22:15:30.750+0700","caller":"configs/sql.config.go:28","msg":"Connected to database! gopress"}
{"level":"INFO","time":"2024-11-10T22:15:30.751+0700","caller":"configs/sql.config.go:42","msg":"Set pool database success!"}
{"level":"INFO","time":"2024-11-10T22:15:31.835+0700","caller":"configs/redis.config.go:39","msg":"Connected to redis! 45.149.207.141:16379"}
{"level":"INFO","time":"2024-11-10T22:15:31.835+0700","caller":"configs/main.config.go:12","msg":"Configs loaded!"}
{"level":"INFO","time":"2024-11-10T22:17:24.296+0700","caller":"configs/sql.config.go:28","msg":"Connected to database! gopress"}
{"level":"INFO","time":"2024-11-10T22:17:24.296+0700","caller":"configs/sql.config.go:42","msg":"Set pool database success!"}
{"level":"INFO","time":"2024-11-10T22:17:25.410+0700","caller":"configs/redis.config.go:39","msg":"Connected to redis! 45.149.207.141:16379"}
{"level":"INFO","time":"2024-11-10T22:17:25.411+0700","caller":"configs/main.config.go:12","msg":"Configs loaded!"}
{"level":"INFO","time":"2024-11-10T22:19:41.725+0700","caller":"configs/sql.config.go:28","msg":"Connected to database! gopress"}
{"level":"INFO","time":"2024-11-10T22:19:41.725+0700","caller":"configs/sql.config.go:42","msg":"Set pool database success!"}
{"level":"INFO","time":"2024-11-10T22:19:43.371+0700","caller":"configs/redis.config.go:39","msg":"Connected to redis! 45.149.207.141:16379"}
{"level":"INFO","time":"2024-11-10T22:19:43.371+0700","caller":"configs/main.config.go:12","msg":"Configs loaded!"}
{"level":"INFO","time":"2024-11-10T22:19:58.695+0700","caller":"configs/sql.config.go:28","msg":"Connected to database! gopress"}
{"level":"INFO","time":"2024-11-10T22:19:58.695+0700","caller":"configs/sql.config.go:42","msg":"Set pool database success!"}
{"level":"INFO","time":"2024-11-10T22:19:59.703+0700","caller":"configs/redis.config.go:39","msg":"Connected to redis! 45.149.207.141:16379"}
{"level":"INFO","time":"2024-11-10T22:19:59.703+0700","caller":"configs/main.config.go:12","msg":"Configs loaded!"}
{"level":"INFO","time":"2024-11-10T22:20:04.758+0700","caller":"configs/sql.config.go:28","msg":"Connected to database! gopress"}
{"level":"INFO","time":"2024-11-10T22:20:04.758+0700","caller":"configs/sql.config.go:42","msg":"Set pool database success!"}
{"level":"INFO","time":"2024-11-10T22:20:05.769+0700","caller":"configs/redis.config.go:39","msg":"Connected to redis! 45.149.207.141:16379"}
{"level":"INFO","time":"2024-11-10T22:20:05.769+0700","caller":"configs/main.config.go:12","msg":"Configs loaded!"}
{"level":"INFO","time":"2024-11-10T22:20:06.466+0700","caller":"configs/sql.config.go:28","msg":"Connected to database! gopress"}
{"level":"INFO","time":"2024-11-10T22:20:06.466+0700","caller":"configs/sql.config.go:42","msg":"Set pool database success!"}
{"level":"INFO","time":"2024-11-10T22:20:07.366+0700","caller":"configs/redis.config.go:39","msg":"Connected to redis! 45.149.207.141:16379"}
{"level":"INFO","time":"2024-11-10T22:20:07.368+0700","caller":"configs/main.config.go:12","msg":"Configs loaded!"}
{"level":"INFO","time":"2024-11-10T22:20:22.182+0700","caller":"configs/sql.config.go:28","msg":"Connected to database! gopress"}
{"level":"INFO","time":"2024-11-10T22:20:22.183+0700","caller":"configs/sql.config.go:42","msg":"Set pool database success!"}
{"level":"INFO","time":"2024-11-10T22:20:23.187+0700","caller":"configs/redis.config.go:39","msg":"Connected to redis! 45.149.207.141:16379"}
{"level":"INFO","time":"2024-11-10T22:20:23.187+0700","caller":"configs/main.config.go:12","msg":"Configs loaded!"}
{"level":"INFO","time":"2024-11-10T22:20:51.259+0700","caller":"configs/sql.config.go:28","msg":"Connected to database! gopress"}
{"level":"INFO","time":"2024-11-10T22:20:51.260+0700","caller":"configs/sql.config.go:42","msg":"Set pool database success!"}
{"level":"INFO","time":"2024-11-10T22:20:52.258+0700","caller":"configs/redis.config.go:39","msg":"Connected to redis! 45.149.207.141:16379"}
{"level":"INFO","time":"2024-11-10T22:20:52.258+0700","caller":"configs/main.config.go:12","msg":"Configs loaded!"}
{"level":"INFO","time":"2024-11-10T22:22:21.755+0700","caller":"configs/sql.config.go:28","msg":"Connected to database! gopress"}
{"level":"INFO","time":"2024-11-10T22:22:21.755+0700","caller":"configs/sql.config.go:42","msg":"Set pool database success!"}
{"level":"INFO","time":"2024-11-10T22:22:22.701+0700","caller":"configs/redis.config.go:39","msg":"Connected to redis! 45.149.207.141:16379"}
{"level":"INFO","time":"2024-11-10T22:22:22.701+0700","caller":"configs/main.config.go:12","msg":"Configs loaded!"}
{"level":"INFO","time":"2024-11-10T22:23:06.838+0700","caller":"configs/sql.config.go:28","msg":"Connected to database! gopress"}
{"level":"INFO","time":"2024-11-10T22:23:06.839+0700","caller":"configs/sql.config.go:42","msg":"Set pool database success!"}
{"level":"INFO","time":"2024-11-10T22:23:08.441+0700","caller":"configs/redis.config.go:39","msg":"Connected to redis! 45.149.207.141:16379"}
{"level":"INFO","time":"2024-11-10T22:23:08.441+0700","caller":"configs/main.config.go:12","msg":"Configs loaded!"}
{"level":"INFO","time":"2024-11-10T23:15:07.655+0700","caller":"configs/sql.config.go:28","msg":"Connected to database! gopress"}
{"level":"INFO","time":"2024-11-10T23:15:07.655+0700","caller":"configs/sql.config.go:42","msg":"Set pool database success!"}
{"level":"INFO","time":"2024-11-10T23:15:08.547+0700","caller":"configs/redis.config.go:39","msg":"Connected to redis! 45.149.207.141:16379"}
{"level":"INFO","time":"2024-11-10T23:15:08.547+0700","caller":"configs/main.config.go:12","msg":"Configs loaded!"}
{"level":"INFO","time":"2024-11-10T23:15:37.872+0700","caller":"configs/sql.config.go:28","msg":"Connected to database! gopress"}
{"level":"INFO","time":"2024-11-10T23:15:37.873+0700","caller":"configs/sql.config.go:42","msg":"Set pool database success!"}
{"level":"INFO","time":"2024-11-10T23:15:38.913+0700","caller":"configs/redis.config.go:39","msg":"Connected to redis! 45.149.207.141:16379"}
{"level":"INFO","time":"2024-11-10T23:15:38.913+0700","caller":"configs/main.config.go:12","msg":"Configs loaded!"}
{"level":"INFO","time":"2024-11-22T12:48:10.187+0700","caller":"configs/sql.config.go:28","msg":"Connected to database! gopress"}
{"level":"INFO","time":"2024-11-22T12:48:10.188+0700","caller":"configs/sql.config.go:42","msg":"Set pool database success!"}
{"level":"INFO","time":"2024-11-22T12:48:11.134+0700","caller":"configs/redis.config.go:39","msg":"Connected to redis! 45.149.207.141:16379"}
{"level":"INFO","time":"2024-11-22T12:48:11.134+0700","caller":"configs/main.config.go:12","msg":"Configs loaded!"}
